[ 2016-11-29T09:53:09+08:00 ] NOTIC: [2048] Declaration of FindexAction::redirect() should be compatible with Action::redirect($url, $params = Array, $delay = 0, $msg = '') FindexAction.class.php 第 19 行.
[ 2016-11-29T09:53:09+08:00 ] NOTIC: [2048] Only variables should be assigned by reference FbaseAction.class.php 第 68 行.
[ 2016-11-29T09:53:09+08:00 ] NOTIC: [8] Undefined index: forward FbaseAction.class.php 第 69 行.
[ 2016-11-29T09:53:10+08:00 ] NOTIC: [8] Undefined index: fuserdata FbaseAction.class.php 第 105 行.
[ 2016-11-29T09:53:10+08:00 ] NOTIC: [8] Undefined index: fuserdata FbaseAction.class.php 第 105 行.
[ 2016-11-29T09:53:11+08:00 ] SQL:  RunTime:0.023343s SQL = select a.user_id,a.head_photo,a.fwtd,b.nickname from fangfa_user_person a
				left join fangfa_user b on a.user_id=b.user_id
				left join fangfa_role_user c on a.user_id=c.user_id
				where c.role_id=3 order by a.user_id desc limit 0,3
[ 2016-11-29T09:53:11+08:00 ] NOTIC: [8] Undefined index: fuserdata %%8C^8C6^8C64D758%%head.html.php 第 64 行.
[ 2016-11-29T09:53:11+08:00 ] NOTIC: [8] Undefined index: fuserdata %%C1^C13^C1354030%%nav.html.php 第 8 行.
[ 2016-11-29T09:53:10+08:00 ] NOTIC: [2048] Declaration of FindexAction::redirect() should be compatible with Action::redirect($url, $params = Array, $delay = 0, $msg = '') FindexAction.class.php 第 19 行.
[ 2016-11-29T09:53:10+08:00 ] NOTIC: [2048] Only variables should be assigned by reference FbaseAction.class.php 第 68 行.
[ 2016-11-29T09:53:10+08:00 ] NOTIC: [8] Undefined index: forward FbaseAction.class.php 第 69 行.
[ 2016-11-29T09:53:10+08:00 ] NOTIC: [8] Undefined index: fuserdata FbaseAction.class.php 第 105 行.
[ 2016-11-29T09:53:10+08:00 ] NOTIC: [8] Undefined index: fuserdata FbaseAction.class.php 第 105 行.
[ 2016-11-29T09:53:11+08:00 ] SQL:  RunTime:0.003186s SQL = select a.user_id,a.head_photo,a.fwtd,b.nickname from fangfa_user_person a
				left join fangfa_user b on a.user_id=b.user_id
				left join fangfa_role_user c on a.user_id=c.user_id
				where c.role_id=3 order by a.user_id desc limit 0,3
[ 2016-11-29T09:53:11+08:00 ] NOTIC: [8] Undefined index: fuserdata %%8C^8C6^8C64D758%%head.html.php 第 64 行.
[ 2016-11-29T09:53:11+08:00 ] NOTIC: [8] Undefined index: fuserdata %%C1^C13^C1354030%%nav.html.php 第 8 行.
[ 2016-11-29T10:00:35+08:00 ] NOTIC: [2048] Declaration of FindexAction::redirect() should be compatible with Action::redirect($url, $params = Array, $delay = 0, $msg = '') FindexAction.class.php 第 19 行.
[ 2016-11-29T10:00:35+08:00 ] NOTIC: [2048] Only variables should be assigned by reference FbaseAction.class.php 第 68 行.
[ 2016-11-29T10:00:35+08:00 ] NOTIC: [8] Undefined index: forward FbaseAction.class.php 第 69 行.
[ 2016-11-29T10:00:35+08:00 ] NOTIC: [8] Undefined index: fuserdata FbaseAction.class.php 第 105 行.
[ 2016-11-29T10:00:35+08:00 ] NOTIC: [8] Undefined index: fuserdata FbaseAction.class.php 第 105 行.
[ 2016-11-29T10:00:36+08:00 ] SQL:  RunTime:0.000908s SQL = select a.user_id,a.head_photo,a.fwtd,b.nickname from fangfa_user_person a
				left join fangfa_user b on a.user_id=b.user_id
				left join fangfa_role_user c on a.user_id=c.user_id
				where c.role_id=3 order by a.user_id desc limit 0,3
[ 2016-11-29T10:00:36+08:00 ] NOTIC: [8] Undefined index: fuserdata %%8C^8C6^8C64D758%%head.html.php 第 64 行.
[ 2016-11-29T10:00:36+08:00 ] NOTIC: [8] Undefined index: fuserdata %%C1^C13^C1354030%%nav.html.php 第 8 行.
[ 2016-11-29T10:13:41+08:00 ] NOTIC: [2048] Declaration of FindexAction::redirect() should be compatible with Action::redirect($url, $params = Array, $delay = 0, $msg = '') FindexAction.class.php 第 19 行.
[ 2016-11-29T10:13:41+08:00 ] NOTIC: [2048] Only variables should be assigned by reference FbaseAction.class.php 第 68 行.
[ 2016-11-29T10:13:41+08:00 ] NOTIC: [8] Undefined index: forward FbaseAction.class.php 第 69 行.
[ 2016-11-29T10:13:41+08:00 ] NOTIC: [8] Undefined index: fuserdata FbaseAction.class.php 第 105 行.
[ 2016-11-29T10:13:41+08:00 ] NOTIC: [8] Undefined index: fuserdata FbaseAction.class.php 第 105 行.
[ 2016-11-29T10:13:42+08:00 ] SQL:  RunTime:0.007744s SQL = select a.user_id,a.head_photo,a.fwtd,b.nickname from fangfa_user_person a
				left join fangfa_user b on a.user_id=b.user_id
				left join fangfa_role_user c on a.user_id=c.user_id
				where c.role_id=3 order by a.user_id desc limit 0,3
[ 2016-11-29T10:13:42+08:00 ] NOTIC: [8] Undefined index: fuserdata %%8C^8C6^8C64D758%%head.html.php 第 64 行.
[ 2016-11-29T10:13:42+08:00 ] NOTIC: [8] Undefined index: fuserdata %%C1^C13^C1354030%%nav.html.php 第 8 行.
[ 2016-11-29T10:15:08+08:00 ] NOTIC: [2048] Declaration of FindexAction::redirect() should be compatible with Action::redirect($url, $params = Array, $delay = 0, $msg = '') FindexAction.class.php 第 19 行.
[ 2016-11-29T10:15:08+08:00 ] NOTIC: [2048] Only variables should be assigned by reference FbaseAction.class.php 第 68 行.
[ 2016-11-29T10:15:08+08:00 ] NOTIC: [8] Undefined index: forward FbaseAction.class.php 第 69 行.
[ 2016-11-29T10:15:08+08:00 ] NOTIC: [8] Undefined index: fuserdata FbaseAction.class.php 第 105 行.
[ 2016-11-29T10:15:08+08:00 ] NOTIC: [8] Undefined index: fuserdata FbaseAction.class.php 第 105 行.
[ 2016-11-29T10:15:09+08:00 ] SQL:  RunTime:0.000839s SQL = select a.user_id,a.head_photo,a.fwtd,b.nickname from fangfa_user_person a
				left join fangfa_user b on a.user_id=b.user_id
				left join fangfa_role_user c on a.user_id=c.user_id
				where c.role_id=3 order by a.user_id desc limit 0,3
[ 2016-11-29T10:15:09+08:00 ] NOTIC: [8] Undefined index: fuserdata %%8C^8C6^8C64D758%%head.html.php 第 64 行.
[ 2016-11-29T10:15:09+08:00 ] NOTIC: [8] Undefined index: fuserdata %%C1^C13^C1354030%%nav.html.php 第 8 行.
[ 2016-11-29T10:15:45+08:00 ] NOTIC: [2048] Declaration of FindexAction::redirect() should be compatible with Action::redirect($url, $params = Array, $delay = 0, $msg = '') FindexAction.class.php 第 19 行.
[ 2016-11-29T10:15:45+08:00 ] NOTIC: [2048] Only variables should be assigned by reference FbaseAction.class.php 第 68 行.
[ 2016-11-29T10:15:45+08:00 ] NOTIC: [8] Undefined index: forward FbaseAction.class.php 第 69 行.
[ 2016-11-29T10:15:45+08:00 ] NOTIC: [8] Undefined index: fuserdata FbaseAction.class.php 第 105 行.
[ 2016-11-29T10:15:45+08:00 ] NOTIC: [8] Undefined index: fuserdata FbaseAction.class.php 第 105 行.
[ 2016-11-29T10:15:46+08:00 ] SQL:  RunTime:0.002396s SQL = select a.user_id,a.head_photo,a.fwtd,b.nickname from fangfa_user_person a
				left join fangfa_user b on a.user_id=b.user_id
				left join fangfa_role_user c on a.user_id=c.user_id
				where c.role_id=3 order by a.user_id desc limit 0,3
[ 2016-11-29T10:15:46+08:00 ] NOTIC: [8] Undefined index: fuserdata %%8C^8C6^8C64D758%%head.html.php 第 64 行.
[ 2016-11-29T10:15:46+08:00 ] NOTIC: [8] Undefined index: fuserdata %%C1^C13^C1354030%%nav.html.php 第 8 行.
[ 2016-11-29T10:17:22+08:00 ] NOTIC: [2048] Declaration of FindexAction::redirect() should be compatible with Action::redirect($url, $params = Array, $delay = 0, $msg = '') FindexAction.class.php 第 19 行.
[ 2016-11-29T10:17:22+08:00 ] NOTIC: [2048] Only variables should be assigned by reference FbaseAction.class.php 第 68 行.
[ 2016-11-29T10:17:22+08:00 ] NOTIC: [8] Undefined index: forward FbaseAction.class.php 第 69 行.
[ 2016-11-29T10:17:22+08:00 ] NOTIC: [8] Undefined index: fuserdata FbaseAction.class.php 第 105 行.
[ 2016-11-29T10:17:22+08:00 ] NOTIC: [8] Undefined index: fuserdata FbaseAction.class.php 第 105 行.
[ 2016-11-29T10:17:23+08:00 ] SQL:  RunTime:0.002081s SQL = select a.user_id,a.head_photo,a.fwtd,b.nickname from fangfa_user_person a
				left join fangfa_user b on a.user_id=b.user_id
				left join fangfa_role_user c on a.user_id=c.user_id
				where c.role_id=3 order by a.user_id desc limit 0,3
[ 2016-11-29T10:17:23+08:00 ] NOTIC: [8] Undefined index: fuserdata %%8C^8C6^8C64D758%%head.html.php 第 64 行.
[ 2016-11-29T10:17:23+08:00 ] NOTIC: [8] Undefined index: fuserdata %%C1^C13^C1354030%%nav.html.php 第 8 行.
[ 2016-11-29T10:17:56+08:00 ] SQL:  RunTime:0.015279s SQL = SHOW COLUMNS FROM fangfa_category
[ 2016-11-29T10:17:56+08:00 ] SQL:  RunTime:0.001270s SQL = SELECT `catid` FROM `fangfa_category` WHERE `catdir`='register' LIMIT 1 
[ 2016-11-29T10:17:56+08:00 ] NOTIC: [8] Constant PHP_FILE already defined Dispatcher.class.php 第 45 行.
[ 2016-11-29T10:17:56+08:00 ] NOTIC: [8] Undefined offset: 2 Dispatcher.class.php 第 251 行.
[ 2016-11-29T10:17:56+08:00 ] NOTIC: [2048] Declaration of FindexAction::redirect() should be compatible with Action::redirect($url, $params = Array, $delay = 0, $msg = '') FindexAction.class.php 第 19 行.
[ 2016-11-29T10:17:57+08:00 ] NOTIC: [2048] Only variables should be assigned by reference FbaseAction.class.php 第 68 行.
[ 2016-11-29T10:17:57+08:00 ] NOTIC: [8] Undefined index: forward FbaseAction.class.php 第 69 行.
[ 2016-11-29T10:17:57+08:00 ] NOTIC: [8] Undefined index: fuserdata FbaseAction.class.php 第 105 行.
[ 2016-11-29T10:17:57+08:00 ] NOTIC: [8] Undefined index: fuserdata FbaseAction.class.php 第 105 行.
[ 2016-11-29T10:17:57+08:00 ] NOTIC: [8] Undefined index: ajax FindexAction.class.php 第 88 行.
[ 2016-11-29T10:17:57+08:00 ] NOTIC: [8] Undefined index: fuserdata %%8C^8C6^8C64D758%%head.html.php 第 64 行.
[ 2016-11-29T10:17:57+08:00 ] NOTIC: [8] Undefined index: fuserdata %%C1^C13^C1354030%%nav.html.php 第 8 行.
[ 2016-11-29T10:19:33+08:00 ] NOTIC: [2048] Declaration of FindexAction::redirect() should be compatible with Action::redirect($url, $params = Array, $delay = 0, $msg = '') FindexAction.class.php 第 19 行.
[ 2016-11-29T10:19:33+08:00 ] NOTIC: [2048] Only variables should be assigned by reference FbaseAction.class.php 第 68 行.
[ 2016-11-29T10:19:33+08:00 ] NOTIC: [8] Undefined index: forward FbaseAction.class.php 第 69 行.
[ 2016-11-29T10:19:33+08:00 ] NOTIC: [8] Undefined index: fuserdata FbaseAction.class.php 第 105 行.
[ 2016-11-29T10:19:33+08:00 ] NOTIC: [8] Undefined index: fuserdata FbaseAction.class.php 第 105 行.
[ 2016-11-29T10:19:34+08:00 ] SQL:  RunTime:0.002154s SQL = select a.user_id,a.head_photo,a.fwtd,b.nickname from fangfa_user_person a
				left join fangfa_user b on a.user_id=b.user_id
				left join fangfa_role_user c on a.user_id=c.user_id
				where c.role_id=3 order by a.user_id desc limit 0,3
[ 2016-11-29T10:19:34+08:00 ] NOTIC: [8] Undefined index: fuserdata %%8C^8C6^8C64D758%%head.html.php 第 66 行.
[ 2016-11-29T10:19:34+08:00 ] NOTIC: [8] Undefined index: fuserdata %%C1^C13^C1354030%%nav.html.php 第 8 行.
[ 2016-11-29T10:20:55+08:00 ] NOTIC: [2048] Declaration of FindexAction::redirect() should be compatible with Action::redirect($url, $params = Array, $delay = 0, $msg = '') FindexAction.class.php 第 19 行.
[ 2016-11-29T10:20:55+08:00 ] NOTIC: [2048] Only variables should be assigned by reference FbaseAction.class.php 第 68 行.
[ 2016-11-29T10:20:55+08:00 ] NOTIC: [8] Undefined index: forward FbaseAction.class.php 第 69 行.
[ 2016-11-29T10:20:55+08:00 ] NOTIC: [8] Undefined index: fuserdata FbaseAction.class.php 第 105 行.
[ 2016-11-29T10:20:55+08:00 ] NOTIC: [8] Undefined index: fuserdata FbaseAction.class.php 第 105 行.
[ 2016-11-29T10:20:56+08:00 ] SQL:  RunTime:0.002141s SQL = select a.user_id,a.head_photo,a.fwtd,b.nickname from fangfa_user_person a
				left join fangfa_user b on a.user_id=b.user_id
				left join fangfa_role_user c on a.user_id=c.user_id
				where c.role_id=3 order by a.user_id desc limit 0,3
[ 2016-11-29T10:20:57+08:00 ] NOTIC: [8] Undefined index: fuserdata %%8C^8C6^8C64D758%%head.html.php 第 66 行.
[ 2016-11-29T10:20:57+08:00 ] NOTIC: [8] Undefined index: fuserdata %%C1^C13^C1354030%%nav.html.php 第 8 行.
[ 2016-11-29T10:21:12+08:00 ] NOTIC: [2048] Declaration of FindexAction::redirect() should be compatible with Action::redirect($url, $params = Array, $delay = 0, $msg = '') FindexAction.class.php 第 19 行.
[ 2016-11-29T10:21:12+08:00 ] NOTIC: [2048] Only variables should be assigned by reference FbaseAction.class.php 第 68 行.
[ 2016-11-29T10:21:12+08:00 ] NOTIC: [8] Undefined index: forward FbaseAction.class.php 第 69 行.
[ 2016-11-29T10:21:12+08:00 ] NOTIC: [8] Undefined index: fuserdata FbaseAction.class.php 第 105 行.
[ 2016-11-29T10:21:12+08:00 ] NOTIC: [8] Undefined index: fuserdata FbaseAction.class.php 第 105 行.
[ 2016-11-29T10:21:13+08:00 ] SQL:  RunTime:0.001090s SQL = select a.user_id,a.head_photo,a.fwtd,b.nickname from fangfa_user_person a
				left join fangfa_user b on a.user_id=b.user_id
				left join fangfa_role_user c on a.user_id=c.user_id
				where c.role_id=3 order by a.user_id desc limit 0,3
[ 2016-11-29T10:21:13+08:00 ] NOTIC: [8] Undefined index: fuserdata %%8C^8C6^8C64D758%%head.html.php 第 66 行.
[ 2016-11-29T10:21:13+08:00 ] NOTIC: [8] Undefined index: fuserdata %%C1^C13^C1354030%%nav.html.php 第 8 行.
[ 2016-11-29T10:21:51+08:00 ] NOTIC: [2048] Declaration of FindexAction::redirect() should be compatible with Action::redirect($url, $params = Array, $delay = 0, $msg = '') FindexAction.class.php 第 19 行.
[ 2016-11-29T10:21:51+08:00 ] NOTIC: [2048] Only variables should be assigned by reference FbaseAction.class.php 第 68 行.
[ 2016-11-29T10:21:51+08:00 ] NOTIC: [8] Undefined index: forward FbaseAction.class.php 第 69 行.
[ 2016-11-29T10:21:51+08:00 ] NOTIC: [8] Undefined index: fuserdata FbaseAction.class.php 第 105 行.
[ 2016-11-29T10:21:51+08:00 ] NOTIC: [8] Undefined index: fuserdata FbaseAction.class.php 第 105 行.
[ 2016-11-29T10:21:52+08:00 ] SQL:  RunTime:0.002475s SQL = select a.user_id,a.head_photo,a.fwtd,b.nickname from fangfa_user_person a
				left join fangfa_user b on a.user_id=b.user_id
				left join fangfa_role_user c on a.user_id=c.user_id
				where c.role_id=3 order by a.user_id desc limit 0,3
[ 2016-11-29T10:21:52+08:00 ] NOTIC: [8] Undefined index: fuserdata %%8C^8C6^8C64D758%%head.html.php 第 65 行.
[ 2016-11-29T10:21:52+08:00 ] NOTIC: [8] Undefined index: fuserdata %%C1^C13^C1354030%%nav.html.php 第 8 行.
[ 2016-11-29T10:27:41+08:00 ] NOTIC: [2048] Declaration of FindexAction::redirect() should be compatible with Action::redirect($url, $params = Array, $delay = 0, $msg = '') FindexAction.class.php 第 19 行.
[ 2016-11-29T10:27:41+08:00 ] NOTIC: [2048] Only variables should be assigned by reference FbaseAction.class.php 第 68 行.
[ 2016-11-29T10:27:41+08:00 ] NOTIC: [8] Undefined index: forward FbaseAction.class.php 第 69 行.
[ 2016-11-29T10:27:41+08:00 ] NOTIC: [8] Undefined index: fuserdata FbaseAction.class.php 第 105 行.
[ 2016-11-29T10:27:41+08:00 ] NOTIC: [8] Undefined index: fuserdata FbaseAction.class.php 第 105 行.
[ 2016-11-29T10:27:42+08:00 ] SQL:  RunTime:0.001053s SQL = select a.user_id,a.head_photo,a.fwtd,b.nickname from fangfa_user_person a
				left join fangfa_user b on a.user_id=b.user_id
				left join fangfa_role_user c on a.user_id=c.user_id
				where c.role_id=3 order by a.user_id desc limit 0,3
[ 2016-11-29T10:27:42+08:00 ] NOTIC: [8] Undefined index: fuserdata %%8C^8C6^8C64D758%%head.html.php 第 65 行.
[ 2016-11-29T10:27:42+08:00 ] NOTIC: [8] Undefined index: fuserdata %%C1^C13^C1354030%%nav.html.php 第 8 行.
[ 2016-11-29T10:28:19+08:00 ] NOTIC: [2048] Declaration of FindexAction::redirect() should be compatible with Action::redirect($url, $params = Array, $delay = 0, $msg = '') FindexAction.class.php 第 19 行.
[ 2016-11-29T10:28:19+08:00 ] NOTIC: [2048] Only variables should be assigned by reference FbaseAction.class.php 第 68 行.
[ 2016-11-29T10:28:19+08:00 ] NOTIC: [8] Undefined index: forward FbaseAction.class.php 第 69 行.
[ 2016-11-29T10:28:19+08:00 ] NOTIC: [8] Undefined index: fuserdata FbaseAction.class.php 第 105 行.
[ 2016-11-29T10:28:19+08:00 ] NOTIC: [8] Undefined index: fuserdata FbaseAction.class.php 第 105 行.
[ 2016-11-29T10:28:20+08:00 ] SQL:  RunTime:0.001092s SQL = select a.user_id,a.head_photo,a.fwtd,b.nickname from fangfa_user_person a
				left join fangfa_user b on a.user_id=b.user_id
				left join fangfa_role_user c on a.user_id=c.user_id
				where c.role_id=3 order by a.user_id desc limit 0,3
[ 2016-11-29T10:28:20+08:00 ] NOTIC: [8] Undefined index: fuserdata %%8C^8C6^8C64D758%%head.html.php 第 65 行.
[ 2016-11-29T10:28:20+08:00 ] NOTIC: [8] Undefined index: fuserdata %%C1^C13^C1354030%%nav.html.php 第 8 行.
[ 2016-11-29T10:28:37+08:00 ] NOTIC: [2048] Declaration of FindexAction::redirect() should be compatible with Action::redirect($url, $params = Array, $delay = 0, $msg = '') FindexAction.class.php 第 19 行.
[ 2016-11-29T10:28:37+08:00 ] NOTIC: [2048] Only variables should be assigned by reference FbaseAction.class.php 第 68 行.
[ 2016-11-29T10:28:37+08:00 ] NOTIC: [8] Undefined index: forward FbaseAction.class.php 第 69 行.
[ 2016-11-29T10:28:37+08:00 ] NOTIC: [8] Undefined index: fuserdata FbaseAction.class.php 第 105 行.
[ 2016-11-29T10:28:37+08:00 ] NOTIC: [8] Undefined index: fuserdata FbaseAction.class.php 第 105 行.
[ 2016-11-29T10:28:38+08:00 ] SQL:  RunTime:0.000497s SQL = select a.user_id,a.head_photo,a.fwtd,b.nickname from fangfa_user_person a
				left join fangfa_user b on a.user_id=b.user_id
				left join fangfa_role_user c on a.user_id=c.user_id
				where c.role_id=3 order by a.user_id desc limit 0,3
[ 2016-11-29T10:28:38+08:00 ] NOTIC: [8] Undefined index: fuserdata %%8C^8C6^8C64D758%%head.html.php 第 65 行.
[ 2016-11-29T10:28:38+08:00 ] NOTIC: [8] Undefined index: fuserdata %%C1^C13^C1354030%%nav.html.php 第 8 行.
[ 2016-11-29T10:30:24+08:00 ] NOTIC: [2048] Declaration of FindexAction::redirect() should be compatible with Action::redirect($url, $params = Array, $delay = 0, $msg = '') FindexAction.class.php 第 19 行.
[ 2016-11-29T10:30:24+08:00 ] NOTIC: [2048] Only variables should be assigned by reference FbaseAction.class.php 第 68 行.
[ 2016-11-29T10:30:24+08:00 ] NOTIC: [8] Undefined index: forward FbaseAction.class.php 第 69 行.
[ 2016-11-29T10:30:24+08:00 ] NOTIC: [8] Undefined index: fuserdata FbaseAction.class.php 第 105 行.
[ 2016-11-29T10:30:24+08:00 ] NOTIC: [8] Undefined index: fuserdata FbaseAction.class.php 第 105 行.
[ 2016-11-29T10:30:25+08:00 ] SQL:  RunTime:0.003452s SQL = select a.user_id,a.head_photo,a.fwtd,b.nickname from fangfa_user_person a
				left join fangfa_user b on a.user_id=b.user_id
				left join fangfa_role_user c on a.user_id=c.user_id
				where c.role_id=3 order by a.user_id desc limit 0,3
[ 2016-11-29T10:30:25+08:00 ] NOTIC: [8] Undefined index: fuserdata %%8C^8C6^8C64D758%%head.html.php 第 65 行.
[ 2016-11-29T10:30:25+08:00 ] NOTIC: [8] Undefined index: fuserdata %%C1^C13^C1354030%%nav.html.php 第 8 行.
[ 2016-11-29T10:30:35+08:00 ] NOTIC: [2048] Declaration of FindexAction::redirect() should be compatible with Action::redirect($url, $params = Array, $delay = 0, $msg = '') FindexAction.class.php 第 19 行.
[ 2016-11-29T10:30:35+08:00 ] NOTIC: [2048] Only variables should be assigned by reference FbaseAction.class.php 第 68 行.
[ 2016-11-29T10:30:35+08:00 ] NOTIC: [8] Undefined index: forward FbaseAction.class.php 第 69 行.
[ 2016-11-29T10:30:35+08:00 ] NOTIC: [8] Undefined index: fuserdata FbaseAction.class.php 第 105 行.
[ 2016-11-29T10:30:35+08:00 ] NOTIC: [8] Undefined index: fuserdata FbaseAction.class.php 第 105 行.
[ 2016-11-29T10:30:36+08:00 ] SQL:  RunTime:0.000723s SQL = select a.user_id,a.head_photo,a.fwtd,b.nickname from fangfa_user_person a
				left join fangfa_user b on a.user_id=b.user_id
				left join fangfa_role_user c on a.user_id=c.user_id
				where c.role_id=3 order by a.user_id desc limit 0,3
[ 2016-11-29T10:30:36+08:00 ] NOTIC: [8] Undefined index: fuserdata %%8C^8C6^8C64D758%%head.html.php 第 65 行.
[ 2016-11-29T10:30:36+08:00 ] NOTIC: [8] Undefined index: fuserdata %%C1^C13^C1354030%%nav.html.php 第 8 行.
[ 2016-11-29T10:30:58+08:00 ] NOTIC: [2048] Declaration of FindexAction::redirect() should be compatible with Action::redirect($url, $params = Array, $delay = 0, $msg = '') FindexAction.class.php 第 19 行.
[ 2016-11-29T10:30:58+08:00 ] NOTIC: [2048] Only variables should be assigned by reference FbaseAction.class.php 第 68 行.
[ 2016-11-29T10:30:58+08:00 ] NOTIC: [8] Undefined index: forward FbaseAction.class.php 第 69 行.
[ 2016-11-29T10:30:58+08:00 ] NOTIC: [8] Undefined index: fuserdata FbaseAction.class.php 第 105 行.
[ 2016-11-29T10:30:58+08:00 ] NOTIC: [8] Undefined index: fuserdata FbaseAction.class.php 第 105 行.
[ 2016-11-29T10:30:59+08:00 ] SQL:  RunTime:0.000530s SQL = select a.user_id,a.head_photo,a.fwtd,b.nickname from fangfa_user_person a
				left join fangfa_user b on a.user_id=b.user_id
				left join fangfa_role_user c on a.user_id=c.user_id
				where c.role_id=3 order by a.user_id desc limit 0,3
[ 2016-11-29T10:30:59+08:00 ] NOTIC: [8] Undefined index: fuserdata %%8C^8C6^8C64D758%%head.html.php 第 65 行.
[ 2016-11-29T10:30:59+08:00 ] NOTIC: [8] Undefined index: fuserdata %%C1^C13^C1354030%%nav.html.php 第 8 行.
[ 2016-11-29T10:46:44+08:00 ] ERR: [256] Smarty error: [in index.html line 66]: syntax error: unclosed tag \{foreach} (opened line 61). (Smarty_Compiler.class.php, line 317) Smarty.class.php 第 1093 行.
[ 2016-11-29T10:47:34+08:00 ] NOTIC: [2048] Declaration of FindexAction::redirect() should be compatible with Action::redirect($url, $params = Array, $delay = 0, $msg = '') FindexAction.class.php 第 19 行.
[ 2016-11-29T10:47:34+08:00 ] NOTIC: [2048] Only variables should be assigned by reference FbaseAction.class.php 第 68 行.
[ 2016-11-29T10:47:34+08:00 ] NOTIC: [8] Undefined index: forward FbaseAction.class.php 第 69 行.
[ 2016-11-29T10:47:34+08:00 ] NOTIC: [8] Undefined index: fuserdata FbaseAction.class.php 第 105 行.
[ 2016-11-29T10:47:34+08:00 ] NOTIC: [8] Undefined index: fuserdata FbaseAction.class.php 第 105 行.
[ 2016-11-29T10:47:35+08:00 ] SQL:  RunTime:0.001269s SQL = select a.user_id,a.head_photo,a.fwtd,b.nickname from fangfa_user_person a
				left join fangfa_user b on a.user_id=b.user_id
				left join fangfa_role_user c on a.user_id=c.user_id
				where c.role_id=3 order by a.user_id desc limit 0,3
[ 2016-11-29T10:47:35+08:00 ] NOTIC: [8] Undefined index: fuserdata %%8C^8C6^8C64D758%%head.html.php 第 65 行.
[ 2016-11-29T10:47:35+08:00 ] NOTIC: [8] Undefined index: fuserdata %%C1^C13^C1354030%%nav.html.php 第 8 行.
[ 2016-11-29T10:47:35+08:00 ] SQL:  RunTime:0.006767s SQL = SHOW COLUMNS FROM fangfa_friendlink
[ 2016-11-29T10:47:35+08:00 ] SQL:  RunTime:0.000466s SQL = SELECT * FROM `fangfa_friendlink` WHERE ( `status` = 1 ) ORDER BY `sort` ASC LIMIT 12 
[ 2016-11-29T10:48:55+08:00 ] NOTIC: [2048] Declaration of FindexAction::redirect() should be compatible with Action::redirect($url, $params = Array, $delay = 0, $msg = '') FindexAction.class.php 第 19 行.
[ 2016-11-29T10:48:55+08:00 ] NOTIC: [2048] Only variables should be assigned by reference FbaseAction.class.php 第 68 行.
[ 2016-11-29T10:48:55+08:00 ] NOTIC: [8] Undefined index: forward FbaseAction.class.php 第 69 行.
[ 2016-11-29T10:48:55+08:00 ] NOTIC: [8] Undefined index: fuserdata FbaseAction.class.php 第 105 行.
[ 2016-11-29T10:48:55+08:00 ] NOTIC: [8] Undefined index: fuserdata FbaseAction.class.php 第 105 行.
[ 2016-11-29T10:48:56+08:00 ] SQL:  RunTime:0.000526s SQL = select a.user_id,a.head_photo,a.fwtd,b.nickname from fangfa_user_person a
				left join fangfa_user b on a.user_id=b.user_id
				left join fangfa_role_user c on a.user_id=c.user_id
				where c.role_id=3 order by a.user_id desc limit 0,3
[ 2016-11-29T10:48:57+08:00 ] NOTIC: [8] Undefined index: fuserdata %%8C^8C6^8C64D758%%head.html.php 第 65 行.
[ 2016-11-29T10:48:57+08:00 ] NOTIC: [8] Undefined index: fuserdata %%C1^C13^C1354030%%nav.html.php 第 8 行.
[ 2016-11-29T10:48:57+08:00 ] SQL:  RunTime:0.004472s SQL = SHOW COLUMNS FROM fangfa_friendlink
[ 2016-11-29T10:48:57+08:00 ] SQL:  RunTime:0.000428s SQL = SELECT * FROM `fangfa_friendlink` WHERE ( `status` = 1 ) ORDER BY `sort` ASC LIMIT 12 
[ 2016-11-29T10:49:41+08:00 ] NOTIC: [2048] Declaration of FindexAction::redirect() should be compatible with Action::redirect($url, $params = Array, $delay = 0, $msg = '') FindexAction.class.php 第 19 行.
[ 2016-11-29T10:49:41+08:00 ] NOTIC: [2048] Only variables should be assigned by reference FbaseAction.class.php 第 68 行.
[ 2016-11-29T10:49:41+08:00 ] NOTIC: [8] Undefined index: forward FbaseAction.class.php 第 69 行.
[ 2016-11-29T10:49:41+08:00 ] NOTIC: [8] Undefined index: fuserdata FbaseAction.class.php 第 105 行.
[ 2016-11-29T10:49:41+08:00 ] NOTIC: [8] Undefined index: fuserdata FbaseAction.class.php 第 105 行.
[ 2016-11-29T10:49:42+08:00 ] SQL:  RunTime:0.000485s SQL = select a.user_id,a.head_photo,a.fwtd,b.nickname from fangfa_user_person a
				left join fangfa_user b on a.user_id=b.user_id
				left join fangfa_role_user c on a.user_id=c.user_id
				where c.role_id=3 order by a.user_id desc limit 0,3
[ 2016-11-29T10:49:42+08:00 ] NOTIC: [8] Undefined index: fuserdata %%8C^8C6^8C64D758%%head.html.php 第 65 行.
[ 2016-11-29T10:49:42+08:00 ] NOTIC: [8] Undefined index: fuserdata %%C1^C13^C1354030%%nav.html.php 第 8 行.
[ 2016-11-29T10:49:42+08:00 ] SQL:  RunTime:0.006213s SQL = SHOW COLUMNS FROM fangfa_friendlink
[ 2016-11-29T10:49:42+08:00 ] SQL:  RunTime:0.000314s SQL = SELECT * FROM `fangfa_friendlink` WHERE ( `status` = 1 ) ORDER BY `sort` ASC LIMIT 12 
[ 2016-11-29T10:49:43+08:00 ] NOTIC: [2048] Declaration of FindexAction::redirect() should be compatible with Action::redirect($url, $params = Array, $delay = 0, $msg = '') FindexAction.class.php 第 19 行.
[ 2016-11-29T10:49:43+08:00 ] NOTIC: [2048] Only variables should be assigned by reference FbaseAction.class.php 第 68 行.
[ 2016-11-29T10:49:43+08:00 ] NOTIC: [8] Undefined index: forward FbaseAction.class.php 第 69 行.
[ 2016-11-29T10:49:43+08:00 ] NOTIC: [8] Undefined index: fuserdata FbaseAction.class.php 第 105 行.
[ 2016-11-29T10:49:43+08:00 ] NOTIC: [8] Undefined index: fuserdata FbaseAction.class.php 第 105 行.
[ 2016-11-29T10:49:44+08:00 ] SQL:  RunTime:0.002577s SQL = select a.user_id,a.head_photo,a.fwtd,b.nickname from fangfa_user_person a
				left join fangfa_user b on a.user_id=b.user_id
				left join fangfa_role_user c on a.user_id=c.user_id
				where c.role_id=3 order by a.user_id desc limit 0,3
[ 2016-11-29T10:49:44+08:00 ] NOTIC: [8] Undefined index: fuserdata %%8C^8C6^8C64D758%%head.html.php 第 65 行.
[ 2016-11-29T10:49:44+08:00 ] NOTIC: [8] Undefined index: fuserdata %%C1^C13^C1354030%%nav.html.php 第 8 行.
[ 2016-11-29T10:49:44+08:00 ] SQL:  RunTime:0.008400s SQL = SHOW COLUMNS FROM fangfa_friendlink
[ 2016-11-29T10:49:44+08:00 ] SQL:  RunTime:0.000760s SQL = SELECT * FROM `fangfa_friendlink` WHERE ( `status` = 1 ) ORDER BY `sort` ASC LIMIT 12 
[ 2016-11-29T10:49:55+08:00 ] NOTIC: [2048] Declaration of FindexAction::redirect() should be compatible with Action::redirect($url, $params = Array, $delay = 0, $msg = '') FindexAction.class.php 第 19 行.
[ 2016-11-29T10:49:55+08:00 ] NOTIC: [2048] Only variables should be assigned by reference FbaseAction.class.php 第 68 行.
[ 2016-11-29T10:49:55+08:00 ] NOTIC: [8] Undefined index: forward FbaseAction.class.php 第 69 行.
[ 2016-11-29T10:49:55+08:00 ] NOTIC: [8] Undefined index: fuserdata FbaseAction.class.php 第 105 行.
[ 2016-11-29T10:49:55+08:00 ] NOTIC: [8] Undefined index: fuserdata FbaseAction.class.php 第 105 行.
[ 2016-11-29T10:49:56+08:00 ] SQL:  RunTime:0.002104s SQL = select a.user_id,a.head_photo,a.fwtd,b.nickname from fangfa_user_person a
				left join fangfa_user b on a.user_id=b.user_id
				left join fangfa_role_user c on a.user_id=c.user_id
				where c.role_id=3 order by a.user_id desc limit 0,3
[ 2016-11-29T10:49:56+08:00 ] NOTIC: [8] Undefined index: fuserdata %%8C^8C6^8C64D758%%head.html.php 第 65 行.
[ 2016-11-29T10:49:56+08:00 ] NOTIC: [8] Undefined index: fuserdata %%C1^C13^C1354030%%nav.html.php 第 8 行.
[ 2016-11-29T10:49:56+08:00 ] SQL:  RunTime:0.007747s SQL = SHOW COLUMNS FROM fangfa_friendlink
[ 2016-11-29T10:49:56+08:00 ] SQL:  RunTime:0.000776s SQL = SELECT * FROM `fangfa_friendlink` WHERE ( `status` = 1 ) ORDER BY `sort` ASC LIMIT 12 
[ 2016-11-29T10:50:27+08:00 ] NOTIC: [2048] Declaration of FindexAction::redirect() should be compatible with Action::redirect($url, $params = Array, $delay = 0, $msg = '') FindexAction.class.php 第 19 行.
[ 2016-11-29T10:50:27+08:00 ] NOTIC: [2048] Only variables should be assigned by reference FbaseAction.class.php 第 68 行.
[ 2016-11-29T10:50:27+08:00 ] NOTIC: [8] Undefined index: forward FbaseAction.class.php 第 69 行.
[ 2016-11-29T10:50:27+08:00 ] NOTIC: [8] Undefined index: fuserdata FbaseAction.class.php 第 105 行.
[ 2016-11-29T10:50:27+08:00 ] NOTIC: [8] Undefined index: fuserdata FbaseAction.class.php 第 105 行.
[ 2016-11-29T10:50:28+08:00 ] SQL:  RunTime:0.001374s SQL = select a.user_id,a.head_photo,a.fwtd,b.nickname from fangfa_user_person a
				left join fangfa_user b on a.user_id=b.user_id
				left join fangfa_role_user c on a.user_id=c.user_id
				where c.role_id=3 order by a.user_id desc limit 0,3
[ 2016-11-29T10:50:28+08:00 ] NOTIC: [8] Undefined index: fuserdata %%8C^8C6^8C64D758%%head.html.php 第 65 行.
[ 2016-11-29T10:50:28+08:00 ] NOTIC: [8] Undefined index: fuserdata %%C1^C13^C1354030%%nav.html.php 第 8 行.
[ 2016-11-29T10:50:28+08:00 ] SQL:  RunTime:0.006052s SQL = SHOW COLUMNS FROM fangfa_friendlink
[ 2016-11-29T10:50:28+08:00 ] SQL:  RunTime:0.000636s SQL = SELECT * FROM `fangfa_friendlink` WHERE ( `status` = 1 ) ORDER BY `sort` ASC LIMIT 12 
[ 2016-11-29T10:53:00+08:00 ] NOTIC: [2048] Declaration of FindexAction::redirect() should be compatible with Action::redirect($url, $params = Array, $delay = 0, $msg = '') FindexAction.class.php 第 19 行.
[ 2016-11-29T10:53:00+08:00 ] NOTIC: [2048] Only variables should be assigned by reference FbaseAction.class.php 第 68 行.
[ 2016-11-29T10:53:00+08:00 ] NOTIC: [8] Undefined index: forward FbaseAction.class.php 第 69 行.
[ 2016-11-29T10:53:00+08:00 ] NOTIC: [8] Undefined index: fuserdata FbaseAction.class.php 第 105 行.
[ 2016-11-29T10:53:00+08:00 ] NOTIC: [8] Undefined index: fuserdata FbaseAction.class.php 第 105 行.
[ 2016-11-29T10:53:01+08:00 ] SQL:  RunTime:0.001763s SQL = select a.user_id,a.head_photo,a.fwtd,b.nickname from fangfa_user_person a
				left join fangfa_user b on a.user_id=b.user_id
				left join fangfa_role_user c on a.user_id=c.user_id
				where c.role_id=3 order by a.user_id desc limit 0,3
[ 2016-11-29T10:53:01+08:00 ] NOTIC: [8] Undefined index: fuserdata %%8C^8C6^8C64D758%%head.html.php 第 65 行.
[ 2016-11-29T10:53:01+08:00 ] NOTIC: [8] Undefined index: fuserdata %%C1^C13^C1354030%%nav.html.php 第 8 行.
[ 2016-11-29T10:53:01+08:00 ] NOTIC: [8] Undefined index: l %%77^774^774BE9C9%%index.html.php 第 73 行.
[ 2016-11-29T10:53:01+08:00 ] NOTIC: [8] Undefined index: l %%77^774^774BE9C9%%index.html.php 第 75 行.
[ 2016-11-29T10:53:23+08:00 ] NOTIC: [2048] Declaration of FindexAction::redirect() should be compatible with Action::redirect($url, $params = Array, $delay = 0, $msg = '') FindexAction.class.php 第 19 行.
[ 2016-11-29T10:53:23+08:00 ] NOTIC: [2048] Only variables should be assigned by reference FbaseAction.class.php 第 68 行.
[ 2016-11-29T10:53:23+08:00 ] NOTIC: [8] Undefined index: forward FbaseAction.class.php 第 69 行.
[ 2016-11-29T10:53:23+08:00 ] NOTIC: [8] Undefined index: fuserdata FbaseAction.class.php 第 105 行.
[ 2016-11-29T10:53:23+08:00 ] NOTIC: [8] Undefined index: fuserdata FbaseAction.class.php 第 105 行.
[ 2016-11-29T10:53:24+08:00 ] SQL:  RunTime:0.001752s SQL = select a.user_id,a.head_photo,a.fwtd,b.nickname from fangfa_user_person a
				left join fangfa_user b on a.user_id=b.user_id
				left join fangfa_role_user c on a.user_id=c.user_id
				where c.role_id=3 order by a.user_id desc limit 0,3
[ 2016-11-29T10:53:24+08:00 ] NOTIC: [8] Undefined index: fuserdata %%8C^8C6^8C64D758%%head.html.php 第 65 行.
[ 2016-11-29T10:53:24+08:00 ] NOTIC: [8] Undefined index: fuserdata %%C1^C13^C1354030%%nav.html.php 第 8 行.
[ 2016-11-29T10:53:24+08:00 ] NOTIC: [8] Undefined index: l %%77^774^774BE9C9%%index.html.php 第 73 行.
[ 2016-11-29T10:53:24+08:00 ] NOTIC: [8] Undefined index: l %%77^774^774BE9C9%%index.html.php 第 75 行.
[ 2016-11-29T10:57:41+08:00 ] NOTIC: [2048] Declaration of FindexAction::redirect() should be compatible with Action::redirect($url, $params = Array, $delay = 0, $msg = '') FindexAction.class.php 第 19 行.
[ 2016-11-29T10:57:41+08:00 ] NOTIC: [2048] Only variables should be assigned by reference FbaseAction.class.php 第 68 行.
[ 2016-11-29T10:57:41+08:00 ] NOTIC: [8] Undefined index: forward FbaseAction.class.php 第 69 行.
[ 2016-11-29T10:57:41+08:00 ] NOTIC: [8] Undefined index: fuserdata FbaseAction.class.php 第 105 行.
[ 2016-11-29T10:57:41+08:00 ] NOTIC: [8] Undefined index: fuserdata FbaseAction.class.php 第 105 行.
[ 2016-11-29T10:57:42+08:00 ] SQL:  RunTime:0.000535s SQL = select a.user_id,a.head_photo,a.fwtd,b.nickname from fangfa_user_person a
				left join fangfa_user b on a.user_id=b.user_id
				left join fangfa_role_user c on a.user_id=c.user_id
				where c.role_id=3 order by a.user_id desc limit 0,3
[ 2016-11-29T10:57:42+08:00 ] NOTIC: [8] Undefined index: fuserdata %%8C^8C6^8C64D758%%head.html.php 第 65 行.
[ 2016-11-29T10:57:42+08:00 ] NOTIC: [8] Undefined index: fuserdata %%C1^C13^C1354030%%nav.html.php 第 8 行.
[ 2016-11-29T10:57:42+08:00 ] NOTIC: [8] Undefined index: l %%77^774^774BE9C9%%index.html.php 第 73 行.
[ 2016-11-29T10:57:42+08:00 ] NOTIC: [8] Undefined index: l %%77^774^774BE9C9%%index.html.php 第 75 行.
